{"name": "test_searchProduct", "status": "broken", "statusDetails": {"message": "selenium.common.exceptions.WebDriverException: Message: An unknown server-side error occurred while processing the command. Original error: Could not proxy command to the remote server. Original error: socket hang up\nStacktrace:\nUnknownError: An unknown server-side error occurred while processing the command. Original error: Could not proxy command to the remote server. Original error: socket hang up\n    at UIA2Proxy.command (C:\\Users\\HP\\AppData\\Roaming\\npm\\node_modules\\appium\\node_modules\\@appium\\base-driver\\lib\\jsonwp-proxy\\proxy.js:355:13)\n    at processTicksAndRejections (node:internal/process/task_queues:95:5)\n    at AndroidUiautomator2Driver.doFindElementOrEls (C:\\Users\\HP\\.appium\\node_modules\\appium-uiautomator2-driver\\lib\\commands\\find.js:40:5)\n    at doFind (C:\\Users\\HP\\.appium\\node_modules\\appium-uiautomator2-driver\\node_modules\\appium-android-driver\\lib\\commands\\find.ts:47:17)\n    at wrappedCondFn (C:\\Users\\HP\\AppData\\Roaming\\npm\\node_modules\\appium\\node_modules\\@appium\\base-driver\\lib\\basedriver\\commands\\timeout.ts:137:14)\n    at spin (C:\\Users\\HP\\AppData\\Roaming\\npm\\node_modules\\appium\\node_modules\\asyncbox\\lib\\asyncbox.js:219:20)\n    at spin (C:\\Users\\HP\\AppData\\Roaming\\npm\\node_modules\\appium\\node_modules\\asyncbox\\lib\\asyncbox.js:229:14)\n    at spin (C:\\Users\\HP\\AppData\\Roaming\\npm\\node_modules\\appium\\node_modules\\asyncbox\\lib\\asyncbox.js:229:14)\n    at spin (C:\\Users\\HP\\AppData\\Roaming\\npm\\node_modules\\appium\\node_modules\\asyncbox\\lib\\asyncbox.js:229:14)\n    at spin (C:\\Users\\HP\\AppData\\Roaming\\npm\\node_modules\\appium\\node_modules\\asyncbox\\lib\\asyncbox.js:229:14)\n    at spin (C:\\Users\\HP\\AppData\\Roaming\\npm\\node_modules\\appium\\node_modules\\asyncbox\\lib\\asyncbox.js:229:14)\n    at spin (C:\\Users\\HP\\AppData\\Roaming\\npm\\node_modules\\appium\\node_modules\\asyncbox\\lib\\asyncbox.js:229:14)\n    at spin (C:\\Users\\HP\\AppData\\Roaming\\npm\\node_modules\\appium\\node_modules\\asyncbox\\lib\\asyncbox.js:229:14)\n    at spin (C:\\Users\\HP\\AppData\\Roaming\\npm\\node_modules\\appium\\node_modules\\asyncbox\\lib\\asyncbox.js:229:14)\n    at spin (C:\\Users\\HP\\AppData\\Roaming\\npm\\node_modules\\appium\\node_modules\\asyncbox\\lib\\asyncbox.js:229:14)\n    at spin (C:\\Users\\HP\\AppData\\Roaming\\npm\\node_modules\\appium\\node_modules\\asyncbox\\lib\\asyncbox.js:229:14)\n    at spin (C:\\Users\\HP\\AppData\\Roaming\\npm\\node_modules\\appium\\node_modules\\asyncbox\\lib\\asyncbox.js:229:14)\n    at spin (C:\\Users\\HP\\AppData\\Roaming\\npm\\node_modules\\appium\\node_modules\\asyncbox\\lib\\asyncbox.js:229:14)\n    at spin (C:\\Users\\HP\\AppData\\Roaming\\npm\\node_modules\\appium\\node_modules\\asyncbox\\lib\\asyncbox.js:229:14)\n    at waitForCondition (C:\\Users\\HP\\AppData\\Roaming\\npm\\node_modules\\appium\\node_modules\\asyncbox\\lib\\asyncbox.js:236:10)\n    at AndroidUiautomator2Driver.implicitWaitForCondition (C:\\Users\\HP\\AppData\\Roaming\\npm\\node_modules\\appium\\node_modules\\@appium\\base-driver\\lib\\basedriver\\commands\\timeout.ts:139:12)\n    at AndroidUiautomator2Driver.findElOrEls (C:\\Users\\HP\\.appium\\node_modules\\appium-uiautomator2-driver\\node_modules\\appium-android-driver\\lib\\commands\\find.ts:70:5)", "trace": "self = <TestCases.test_flipkart_product_search.Test_SearchProduct object at 0x000002BAE540A610>\n\n    def test_searchProduct(self):\n    \n        path = \"excel//testdata.xlsx\"\n        sheetProductSearch = \"ProductSearch\"\n        sheetCardDetails = \"CardDetails\"\n    \n        productName = getCellData(path,sheetProductSearch,2,1)\n        print(productName)\n        creditCardNumber = getCellData(path,sheetCardDetails,2,2)\n        creditCardExpiry = getCellData(path,sheetCardDetails,2,3)\n        creditCardCVV = getCellData(path,sheetCardDetails,2,4)\n        print(creditCardNumber)\n        print(creditCardExpiry)\n        print(creditCardCVV)\n    \n        # self.driver.implicitly_wait(30)\n        home = HomeScreen(self.driver)\n        # home.gotoSearchScreen().navigateToSearchScreen()\n        home.gotoSearchScreen().searchForProduct(productName)\n        time.sleep(1)\n        # home.gotoSearchScreen().closeNotificationPopup()\n        # home.gotoSearchScreen().closeLocationPopup()\n        home.gotoSearchScreen().selectProduct(productName)\n        home.gotoSearchScreen().addToCart()\n        home.gotoSearchScreen().goToCart()\n        home.gotoSearchScreen().placeOrder()\n    \n        # home.gotoSearchScreen().loginToApp(\"9754423998\")\n        home.gotoSearchScreen().continueOrder()\n        home.gotoSearchScreen().enterCreditCardDetails(creditCardNumber, creditCardExpiry, creditCardCVV)\n        home.gotoSearchScreen().allowPermissions()\n        home.gotoSearchScreen().goToMessageApp('emulator')\n        home.gotoSearchScreen().otpRead('emulator')\n        # home.gotoSearchScreen().terminateMessageApp('emulator')\n        home.gotoSearchScreen().backToFlipkartApp()\n        home.gotoSearchScreen().orderPlaced()\n>       home.gotoSearchScreen().cancelOrder()\n\nTestCases\\test_flipkart_product_search.py:51: \n_ _ _ _ _ _ _ _ _ _ _ _ _ _ _ _ _ _ _ _ _ _ _ _ _ _ _ _ _ _ _ _ _ _ _ _ _ _ _ _ _ _ _ _ _ _ _ _ _ _ _ _ _ _ _ _ _ _ _ _ _ _ _ _ _ _ _ \nPages\\ProductScreen.py:218: in cancelOrder\n    self.click(\"cross_button_XPATH\")\nPages\\BasePage.py:34: in click\n    self.driver.find_element(by=AppiumBy.XPATH, value=configReader.readConfig(\"locators\", locator)).click()\nC:\\Users\\HP\\AppData\\Local\\Programs\\Python\\Python311\\Lib\\site-packages\\appium\\webdriver\\webdriver.py:382: in find_element\n    return self.execute(RemoteCommand.FIND_ELEMENT, {'using': by, 'value': value})['value']\nC:\\Users\\HP\\AppData\\Local\\Programs\\Python\\Python311\\Lib\\site-packages\\selenium\\webdriver\\remote\\webdriver.py:354: in execute\n    self.error_handler.check_response(response)\n_ _ _ _ _ _ _ _ _ _ _ _ _ _ _ _ _ _ _ _ _ _ _ _ _ _ _ _ _ _ _ _ _ _ _ _ _ _ _ _ _ _ _ _ _ _ _ _ _ _ _ _ _ _ _ _ _ _ _ _ _ _ _ _ _ _ _ \n\nself = <appium.webdriver.errorhandler.MobileErrorHandler object at 0x000002BAE5401110>\nresponse = {'status': 500, 'value': '{\"value\":{\"error\":\"unknown error\",\"message\":\"An unknown server-side error occurred while pro...modules\\\\\\\\appium-uiautomator2-driver\\\\\\\\node_modules\\\\\\\\appium-android-driver\\\\\\\\lib\\\\\\\\commands\\\\\\\\find.ts:70:5)\"}}'}\n\n    def check_response(self, response: Dict[str, Any]) -> None:\n        \"\"\"\n        https://www.w3.org/TR/webdriver/#errors\n        \"\"\"\n        payload = response.get('value', '')\n        if isinstance(payload, dict):\n            payload_dict = payload\n        else:\n            try:\n                payload_dict = json.loads(payload)\n            except (json.JSONDecodeError, TypeError):\n                return\n            if not isinstance(payload_dict, dict):\n                return\n        value = payload_dict.get('value')\n        if not isinstance(value, dict):\n            return\n        error = value.get('error')\n        if not error:\n            return\n    \n        message = value.get('message', error)\n        stacktrace = value.get('stacktrace', '')\n        # In theory, we should also be checking HTTP status codes.\n        # Java client, for example, prints a warning if the actual `error`\n        # value does not match to the response's HTTP status code.\n        exception_class: Type[sel_exceptions.WebDriverException] = ERROR_TO_EXC_MAPPING.get(\n            error, sel_exceptions.WebDriverException\n        )\n        if exception_class is sel_exceptions.WebDriverException and message:\n            if message == 'No such context found.':\n                exception_class = appium_exceptions.NoSuchContextException\n            elif message == 'That command could not be executed in the current context.':\n                exception_class = appium_exceptions.InvalidSwitchToTargetException\n    \n        if exception_class is sel_exceptions.UnexpectedAlertPresentException:\n            raise sel_exceptions.UnexpectedAlertPresentException(\n                msg=message,\n                stacktrace=format_stacktrace(stacktrace),\n                alert_text=value.get('data'),\n            )\n>       raise exception_class(msg=message, stacktrace=format_stacktrace(stacktrace))\nE       selenium.common.exceptions.WebDriverException: Message: An unknown server-side error occurred while processing the command. Original error: Could not proxy command to the remote server. Original error: socket hang up\nE       Stacktrace:\nE       UnknownError: An unknown server-side error occurred while processing the command. Original error: Could not proxy command to the remote server. Original error: socket hang up\nE           at UIA2Proxy.command (C:\\Users\\HP\\AppData\\Roaming\\npm\\node_modules\\appium\\node_modules\\@appium\\base-driver\\lib\\jsonwp-proxy\\proxy.js:355:13)\nE           at processTicksAndRejections (node:internal/process/task_queues:95:5)\nE           at AndroidUiautomator2Driver.doFindElementOrEls (C:\\Users\\HP\\.appium\\node_modules\\appium-uiautomator2-driver\\lib\\commands\\find.js:40:5)\nE           at doFind (C:\\Users\\HP\\.appium\\node_modules\\appium-uiautomator2-driver\\node_modules\\appium-android-driver\\lib\\commands\\find.ts:47:17)\nE           at wrappedCondFn (C:\\Users\\HP\\AppData\\Roaming\\npm\\node_modules\\appium\\node_modules\\@appium\\base-driver\\lib\\basedriver\\commands\\timeout.ts:137:14)\nE           at spin (C:\\Users\\HP\\AppData\\Roaming\\npm\\node_modules\\appium\\node_modules\\asyncbox\\lib\\asyncbox.js:219:20)\nE           at spin (C:\\Users\\HP\\AppData\\Roaming\\npm\\node_modules\\appium\\node_modules\\asyncbox\\lib\\asyncbox.js:229:14)\nE           at spin (C:\\Users\\HP\\AppData\\Roaming\\npm\\node_modules\\appium\\node_modules\\asyncbox\\lib\\asyncbox.js:229:14)\nE           at spin (C:\\Users\\HP\\AppData\\Roaming\\npm\\node_modules\\appium\\node_modules\\asyncbox\\lib\\asyncbox.js:229:14)\nE           at spin (C:\\Users\\HP\\AppData\\Roaming\\npm\\node_modules\\appium\\node_modules\\asyncbox\\lib\\asyncbox.js:229:14)\nE           at spin (C:\\Users\\HP\\AppData\\Roaming\\npm\\node_modules\\appium\\node_modules\\asyncbox\\lib\\asyncbox.js:229:14)\nE           at spin (C:\\Users\\HP\\AppData\\Roaming\\npm\\node_modules\\appium\\node_modules\\asyncbox\\lib\\asyncbox.js:229:14)\nE           at spin (C:\\Users\\HP\\AppData\\Roaming\\npm\\node_modules\\appium\\node_modules\\asyncbox\\lib\\asyncbox.js:229:14)\nE           at spin (C:\\Users\\HP\\AppData\\Roaming\\npm\\node_modules\\appium\\node_modules\\asyncbox\\lib\\asyncbox.js:229:14)\nE           at spin (C:\\Users\\HP\\AppData\\Roaming\\npm\\node_modules\\appium\\node_modules\\asyncbox\\lib\\asyncbox.js:229:14)\nE           at spin (C:\\Users\\HP\\AppData\\Roaming\\npm\\node_modules\\appium\\node_modules\\asyncbox\\lib\\asyncbox.js:229:14)\nE           at spin (C:\\Users\\HP\\AppData\\Roaming\\npm\\node_modules\\appium\\node_modules\\asyncbox\\lib\\asyncbox.js:229:14)\nE           at spin (C:\\Users\\HP\\AppData\\Roaming\\npm\\node_modules\\appium\\node_modules\\asyncbox\\lib\\asyncbox.js:229:14)\nE           at spin (C:\\Users\\HP\\AppData\\Roaming\\npm\\node_modules\\appium\\node_modules\\asyncbox\\lib\\asyncbox.js:229:14)\nE           at waitForCondition (C:\\Users\\HP\\AppData\\Roaming\\npm\\node_modules\\appium\\node_modules\\asyncbox\\lib\\asyncbox.js:236:10)\nE           at AndroidUiautomator2Driver.implicitWaitForCondition (C:\\Users\\HP\\AppData\\Roaming\\npm\\node_modules\\appium\\node_modules\\@appium\\base-driver\\lib\\basedriver\\commands\\timeout.ts:139:12)\nE           at AndroidUiautomator2Driver.findElOrEls (C:\\Users\\HP\\.appium\\node_modules\\appium-uiautomator2-driver\\node_modules\\appium-android-driver\\lib\\commands\\find.ts:70:5)\n\nC:\\Users\\HP\\AppData\\Local\\Programs\\Python\\Python311\\Lib\\site-packages\\appium\\webdriver\\errorhandler.py:125: WebDriverException"}, "attachments": [{"name": "log", "source": "f5c4a2c4-0b8e-456f-929f-d39c12cec096-attachment.txt", "type": "text/plain"}, {"name": "stdout", "source": "4aeadf3f-0753-482c-989f-38639dd3eb2b-attachment.txt", "type": "text/plain"}], "start": 1722056811049, "stop": 1722056969782, "uuid": "018d63f0-1b7f-4b24-ae4d-97f1ef0908fc", "historyId": "d60e08e81c515319275bdba3f6b2ec30", "testCaseId": "d60e08e81c515319275bdba3f6b2ec30", "fullName": "test_flipkart_product_search.Test_SearchProduct#test_searchProduct", "labels": [{"name": "tag", "value": "@pytest.mark.usefixtures('log_on_failure', 'appium_driver')"}, {"name": "suite", "value": "test_flipkart_product_search"}, {"name": "subSuite", "value": "Test_SearchProduct"}, {"name": "host", "value": "ATIVS"}, {"name": "thread", "value": "2008-MainThread"}, {"name": "framework", "value": "pytest"}, {"name": "language", "value": "cpython3"}, {"name": "package", "value": "test_flipkart_product_search"}]}