{"name": "test_searchProduct", "status": "broken", "statusDetails": {"message": "selenium.common.exceptions.InvalidSessionIdException: Message: A session is either terminated or not started\nStacktrace:\nNoSuchDriverError: A session is either terminated or not started\n    at asyncHandler (C:\\Users\\HP\\AppData\\Roaming\\npm\\node_modules\\appium\\node_modules\\@appium\\base-driver\\lib\\protocol\\protocol.js:309:15)\n    at C:\\Users\\HP\\AppData\\Roaming\\npm\\node_modules\\appium\\node_modules\\@appium\\base-driver\\lib\\protocol\\protocol.js:512:15\n    at Layer.handle [as handle_request] (C:\\Users\\HP\\AppData\\Roaming\\npm\\node_modules\\appium\\node_modules\\express\\lib\\router\\layer.js:95:5)\n    at next (C:\\Users\\HP\\AppData\\Roaming\\npm\\node_modules\\appium\\node_modules\\express\\lib\\router\\route.js:149:13)\n    at Route.dispatch (C:\\Users\\HP\\AppData\\Roaming\\npm\\node_modules\\appium\\node_modules\\express\\lib\\router\\route.js:119:3)\n    at Layer.handle [as handle_request] (C:\\Users\\HP\\AppData\\Roaming\\npm\\node_modules\\appium\\node_modules\\express\\lib\\router\\layer.js:95:5)\n    at C:\\Users\\HP\\AppData\\Roaming\\npm\\node_modules\\appium\\node_modules\\express\\lib\\router\\index.js:284:15\n    at param (C:\\Users\\HP\\AppData\\Roaming\\npm\\node_modules\\appium\\node_modules\\express\\lib\\router\\index.js:365:14)\n    at param (C:\\Users\\HP\\AppData\\Roaming\\npm\\node_modules\\appium\\node_modules\\express\\lib\\router\\index.js:376:14)\n    at Function.process_params (C:\\Users\\HP\\AppData\\Roaming\\npm\\node_modules\\appium\\node_modules\\express\\lib\\router\\index.js:421:3)\n    at next (C:\\Users\\HP\\AppData\\Roaming\\npm\\node_modules\\appium\\node_modules\\express\\lib\\router\\index.js:280:10)\n    at logger (C:\\Users\\HP\\AppData\\Roaming\\npm\\node_modules\\appium\\node_modules\\morgan\\index.js:144:5)\n    at Layer.handle [as handle_request] (C:\\Users\\HP\\AppData\\Roaming\\npm\\node_modules\\appium\\node_modules\\express\\lib\\router\\layer.js:95:5)\n    at trim_prefix (C:\\Users\\HP\\AppData\\Roaming\\npm\\node_modules\\appium\\node_modules\\express\\lib\\router\\index.js:328:13)\n    at C:\\Users\\HP\\AppData\\Roaming\\npm\\node_modules\\appium\\node_modules\\express\\lib\\router\\index.js:286:9\n    at Function.process_params (C:\\Users\\HP\\AppData\\Roaming\\npm\\node_modules\\appium\\node_modules\\express\\lib\\router\\index.js:346:12)\n    at next (C:\\Users\\HP\\AppData\\Roaming\\npm\\node_modules\\appium\\node_modules\\express\\lib\\router\\index.js:280:10)\n    at jsonParser (C:\\Users\\HP\\AppData\\Roaming\\npm\\node_modules\\appium\\node_modules\\body-parser\\lib\\types\\json.js:113:7)\n    at Layer.handle [as handle_request] (C:\\Users\\HP\\AppData\\Roaming\\npm\\node_modules\\appium\\node_modules\\express\\lib\\router\\layer.js:95:5)\n    at trim_prefix (C:\\Users\\HP\\AppData\\Roaming\\npm\\node_modules\\appium\\node_modules\\express\\lib\\router\\index.js:328:13)\n    at C:\\Users\\HP\\AppData\\Roaming\\npm\\node_modules\\appium\\node_modules\\express\\lib\\router\\index.js:286:9\n    at Function.process_params (C:\\Users\\HP\\AppData\\Roaming\\npm\\node_modules\\appium\\node_modules\\express\\lib\\router\\index.js:346:12)", "trace": "self = <allure_commons._allure.fixture object at 0x0000028DA48121D0>, args = (), kwargs = {}\n\n    def __call__(self, *args, **kwargs):\n        self.parameters = func_parameters(self._fixture_function, *args, **kwargs)\n    \n        with self:\n>           return self._fixture_function(*args, **kwargs)\n\nC:\\Users\\HP\\AppData\\Local\\Programs\\Python\\Python311\\Lib\\site-packages\\allure_commons\\_allure.py:221: \n_ _ _ _ _ _ _ _ _ _ _ _ _ _ _ _ _ _ _ _ _ _ _ _ _ _ _ _ _ _ _ _ _ _ _ _ _ _ _ _ _ _ _ _ _ _ _ _ _ _ _ _ _ _ _ _ _ _ _ _ _ _ _ _ \nTestCases\\conftest.py:37: in appium_driver\n    driver.quit()\nC:\\Users\\HP\\AppData\\Local\\Programs\\Python\\Python311\\Lib\\site-packages\\selenium\\webdriver\\remote\\webdriver.py:476: in quit\n    self.execute(Command.QUIT)\nC:\\Users\\HP\\AppData\\Local\\Programs\\Python\\Python311\\Lib\\site-packages\\selenium\\webdriver\\remote\\webdriver.py:354: in execute\n    self.error_handler.check_response(response)\n_ _ _ _ _ _ _ _ _ _ _ _ _ _ _ _ _ _ _ _ _ _ _ _ _ _ _ _ _ _ _ _ _ _ _ _ _ _ _ _ _ _ _ _ _ _ _ _ _ _ _ _ _ _ _ _ _ _ _ _ _ _ _ _ \n\nself = <appium.webdriver.errorhandler.MobileErrorHandler object at 0x0000028DA3A4BC10>\nresponse = {'status': 404, 'value': '{\"value\":{\"error\":\"invalid session id\",\"message\":\"A session is either terminated or not star...ppData\\\\\\\\Roaming\\\\\\\\npm\\\\\\\\node_modules\\\\\\\\appium\\\\\\\\node_modules\\\\\\\\express\\\\\\\\lib\\\\\\\\router\\\\\\\\index.js:346:12)\"}}'}\n\n    def check_response(self, response: Dict[str, Any]) -> None:\n        \"\"\"\n        https://www.w3.org/TR/webdriver/#errors\n        \"\"\"\n        payload = response.get('value', '')\n        if isinstance(payload, dict):\n            payload_dict = payload\n        else:\n            try:\n                payload_dict = json.loads(payload)\n            except (json.JSONDecodeError, TypeError):\n                return\n            if not isinstance(payload_dict, dict):\n                return\n        value = payload_dict.get('value')\n        if not isinstance(value, dict):\n            return\n        error = value.get('error')\n        if not error:\n            return\n    \n        message = value.get('message', error)\n        stacktrace = value.get('stacktrace', '')\n        # In theory, we should also be checking HTTP status codes.\n        # Java client, for example, prints a warning if the actual `error`\n        # value does not match to the response's HTTP status code.\n        exception_class: Type[sel_exceptions.WebDriverException] = ERROR_TO_EXC_MAPPING.get(\n            error, sel_exceptions.WebDriverException\n        )\n        if exception_class is sel_exceptions.WebDriverException and message:\n            if message == 'No such context found.':\n                exception_class = appium_exceptions.NoSuchContextException\n            elif message == 'That command could not be executed in the current context.':\n                exception_class = appium_exceptions.InvalidSwitchToTargetException\n    \n        if exception_class is sel_exceptions.UnexpectedAlertPresentException:\n            raise sel_exceptions.UnexpectedAlertPresentException(\n                msg=message,\n                stacktrace=format_stacktrace(stacktrace),\n                alert_text=value.get('data'),\n            )\n>       raise exception_class(msg=message, stacktrace=format_stacktrace(stacktrace))\nE       selenium.common.exceptions.InvalidSessionIdException: Message: A session is either terminated or not started\nE       Stacktrace:\nE       NoSuchDriverError: A session is either terminated or not started\nE           at asyncHandler (C:\\Users\\HP\\AppData\\Roaming\\npm\\node_modules\\appium\\node_modules\\@appium\\base-driver\\lib\\protocol\\protocol.js:309:15)\nE           at C:\\Users\\HP\\AppData\\Roaming\\npm\\node_modules\\appium\\node_modules\\@appium\\base-driver\\lib\\protocol\\protocol.js:512:15\nE           at Layer.handle [as handle_request] (C:\\Users\\HP\\AppData\\Roaming\\npm\\node_modules\\appium\\node_modules\\express\\lib\\router\\layer.js:95:5)\nE           at next (C:\\Users\\HP\\AppData\\Roaming\\npm\\node_modules\\appium\\node_modules\\express\\lib\\router\\route.js:149:13)\nE           at Route.dispatch (C:\\Users\\HP\\AppData\\Roaming\\npm\\node_modules\\appium\\node_modules\\express\\lib\\router\\route.js:119:3)\nE           at Layer.handle [as handle_request] (C:\\Users\\HP\\AppData\\Roaming\\npm\\node_modules\\appium\\node_modules\\express\\lib\\router\\layer.js:95:5)\nE           at C:\\Users\\HP\\AppData\\Roaming\\npm\\node_modules\\appium\\node_modules\\express\\lib\\router\\index.js:284:15\nE           at param (C:\\Users\\HP\\AppData\\Roaming\\npm\\node_modules\\appium\\node_modules\\express\\lib\\router\\index.js:365:14)\nE           at param (C:\\Users\\HP\\AppData\\Roaming\\npm\\node_modules\\appium\\node_modules\\express\\lib\\router\\index.js:376:14)\nE           at Function.process_params (C:\\Users\\HP\\AppData\\Roaming\\npm\\node_modules\\appium\\node_modules\\express\\lib\\router\\index.js:421:3)\nE           at next (C:\\Users\\HP\\AppData\\Roaming\\npm\\node_modules\\appium\\node_modules\\express\\lib\\router\\index.js:280:10)\nE           at logger (C:\\Users\\HP\\AppData\\Roaming\\npm\\node_modules\\appium\\node_modules\\morgan\\index.js:144:5)\nE           at Layer.handle [as handle_request] (C:\\Users\\HP\\AppData\\Roaming\\npm\\node_modules\\appium\\node_modules\\express\\lib\\router\\layer.js:95:5)\nE           at trim_prefix (C:\\Users\\HP\\AppData\\Roaming\\npm\\node_modules\\appium\\node_modules\\express\\lib\\router\\index.js:328:13)\nE           at C:\\Users\\HP\\AppData\\Roaming\\npm\\node_modules\\appium\\node_modules\\express\\lib\\router\\index.js:286:9\nE           at Function.process_params (C:\\Users\\HP\\AppData\\Roaming\\npm\\node_modules\\appium\\node_modules\\express\\lib\\router\\index.js:346:12)\nE           at next (C:\\Users\\HP\\AppData\\Roaming\\npm\\node_modules\\appium\\node_modules\\express\\lib\\router\\index.js:280:10)\nE           at jsonParser (C:\\Users\\HP\\AppData\\Roaming\\npm\\node_modules\\appium\\node_modules\\body-parser\\lib\\types\\json.js:113:7)\nE           at Layer.handle [as handle_request] (C:\\Users\\HP\\AppData\\Roaming\\npm\\node_modules\\appium\\node_modules\\express\\lib\\router\\layer.js:95:5)\nE           at trim_prefix (C:\\Users\\HP\\AppData\\Roaming\\npm\\node_modules\\appium\\node_modules\\express\\lib\\router\\index.js:328:13)\nE           at C:\\Users\\HP\\AppData\\Roaming\\npm\\node_modules\\appium\\node_modules\\express\\lib\\router\\index.js:286:9\nE           at Function.process_params (C:\\Users\\HP\\AppData\\Roaming\\npm\\node_modules\\appium\\node_modules\\express\\lib\\router\\index.js:346:12)\n\nC:\\Users\\HP\\AppData\\Local\\Programs\\Python\\Python311\\Lib\\site-packages\\appium\\webdriver\\errorhandler.py:125: InvalidSessionIdException"}, "attachments": [{"name": "log", "source": "62f0de52-3b08-43b5-99a2-4bc69c8185b5-attachment.txt", "type": "text/plain"}, {"name": "stdout", "source": "42558cc6-7c01-4761-a302-ee886067ef43-attachment.txt", "type": "text/plain"}], "start": 1721326682923, "stop": 1721326823473, "uuid": "344818e0-e9d2-4e33-b386-b0c77f80aecc", "historyId": "d60e08e81c515319275bdba3f6b2ec30", "testCaseId": "d60e08e81c515319275bdba3f6b2ec30", "fullName": "test_flipkart_product_search.Test_SearchProduct#test_searchProduct", "labels": [{"name": "tag", "value": "@pytest.mark.usefixtures('log_on_failure', 'appium_driver')"}, {"name": "suite", "value": "test_flipkart_product_search"}, {"name": "subSuite", "value": "Test_SearchProduct"}, {"name": "host", "value": "ATIVS"}, {"name": "thread", "value": "8848-MainThread"}, {"name": "framework", "value": "pytest"}, {"name": "language", "value": "cpython3"}, {"name": "package", "value": "test_flipkart_product_search"}]}