{"name": "test_searchProduct", "status": "broken", "statusDetails": {"message": "selenium.common.exceptions.NoSuchElementException: Message: An element could not be located on the page using the given search parameters.; For documentation on this error, please visit: https://www.selenium.dev/documentation/webdriver/troubleshooting/errors#no-such-element-exception\nStacktrace:\nNoSuchElementError: An element could not be located on the page using the given search parameters.\n    at AndroidUiautomator2Driver.findElOrEls (C:\\Users\\HP\\.appium\\node_modules\\appium-uiautomator2-driver\\node_modules\\appium-android-driver\\lib\\commands\\find.ts:86:11)\n    at processTicksAndRejections (node:internal/process/task_queues:95:5)\n    at AndroidUiautomator2Driver.findElOrElsWithProcessing (C:\\Users\\HP\\AppData\\Roaming\\npm\\node_modules\\appium\\node_modules\\@appium\\base-driver\\lib\\basedriver\\commands\\find.ts:60:12)\n    at AndroidUiautomator2Driver.findElement (C:\\Users\\HP\\AppData\\Roaming\\npm\\node_modules\\appium\\node_modules\\@appium\\base-driver\\lib\\basedriver\\commands\\find.ts:75:12)", "trace": "self = <TestCases.test_flipkart_product_search.Test_SearchProduct object at 0x0000025FFFD27F90>\n\n    def test_searchProduct(self):\n    \n        path = \"excel//testdata.xlsx\"\n        sheetProductSearch = \"ProductSearch\"\n        sheetCardDetails = \"CardDetails\"\n    \n        productName = getCellData(path,sheetProductSearch,2,1)\n        print(productName)\n        creditCardNumber = getCellData(path,sheetCardDetails,2,2)\n        creditCardExpiry = getCellData(path,sheetCardDetails,2,3)\n        creditCardCVV = getCellData(path,sheetCardDetails,2,4)\n        print(creditCardNumber)\n        print(creditCardExpiry)\n        print(creditCardCVV)\n    \n        # self.driver.implicitly_wait(30)\n        home = HomeScreen(self.driver)\n        # home.gotoSearchScreen().navigateToSearchScreen()\n        home.gotoSearchScreen().searchForProduct(productName)\n        time.sleep(1)\n        # home.gotoSearchScreen().closeNotificationPopup()\n        # home.gotoSearchScreen().closeLocationPopup()\n        home.gotoSearchScreen().selectProduct(productName)\n        home.gotoSearchScreen().addToCart()\n        home.gotoSearchScreen().goToCart()\n>       home.gotoSearchScreen().placeOrder()\n\nTestCases\\test_flipkart_product_search.py:40: \n_ _ _ _ _ _ _ _ _ _ _ _ _ _ _ _ _ _ _ _ _ _ _ _ _ _ _ _ _ _ _ _ _ _ _ _ _ _ _ _ _ _ _ _ _ _ _ _ _ _ _ _ _ _ _ _ _ _ _ _ _ _ _ _ \nPages\\ProductScreen.py:61: in placeOrder\n    self.click(\"place_order_XPATH\")\nPages\\BasePage.py:21: in click\n    self.driver.find_element(by=AppiumBy.XPATH, value=configReader.readConfig(\"locators\", locator)).click()\nC:\\Users\\HP\\AppData\\Local\\Programs\\Python\\Python311\\Lib\\site-packages\\appium\\webdriver\\webdriver.py:382: in find_element\n    return self.execute(RemoteCommand.FIND_ELEMENT, {'using': by, 'value': value})['value']\nC:\\Users\\HP\\AppData\\Local\\Programs\\Python\\Python311\\Lib\\site-packages\\selenium\\webdriver\\remote\\webdriver.py:354: in execute\n    self.error_handler.check_response(response)\n_ _ _ _ _ _ _ _ _ _ _ _ _ _ _ _ _ _ _ _ _ _ _ _ _ _ _ _ _ _ _ _ _ _ _ _ _ _ _ _ _ _ _ _ _ _ _ _ _ _ _ _ _ _ _ _ _ _ _ _ _ _ _ _ \n\nself = <appium.webdriver.errorhandler.MobileErrorHandler object at 0x0000025FFFD46510>\nresponse = {'status': 404, 'value': '{\"value\":{\"error\":\"no such element\",\"message\":\"An element could not be located on the page u...ode_modules\\\\\\\\appium\\\\\\\\node_modules\\\\\\\\@appium\\\\\\\\base-driver\\\\\\\\lib\\\\\\\\basedriver\\\\\\\\commands\\\\\\\\find.ts:75:12)\"}}'}\n\n    def check_response(self, response: Dict[str, Any]) -> None:\n        \"\"\"\n        https://www.w3.org/TR/webdriver/#errors\n        \"\"\"\n        payload = response.get('value', '')\n        if isinstance(payload, dict):\n            payload_dict = payload\n        else:\n            try:\n                payload_dict = json.loads(payload)\n            except (json.JSONDecodeError, TypeError):\n                return\n            if not isinstance(payload_dict, dict):\n                return\n        value = payload_dict.get('value')\n        if not isinstance(value, dict):\n            return\n        error = value.get('error')\n        if not error:\n            return\n    \n        message = value.get('message', error)\n        stacktrace = value.get('stacktrace', '')\n        # In theory, we should also be checking HTTP status codes.\n        # Java client, for example, prints a warning if the actual `error`\n        # value does not match to the response's HTTP status code.\n        exception_class: Type[sel_exceptions.WebDriverException] = ERROR_TO_EXC_MAPPING.get(\n            error, sel_exceptions.WebDriverException\n        )\n        if exception_class is sel_exceptions.WebDriverException and message:\n            if message == 'No such context found.':\n                exception_class = appium_exceptions.NoSuchContextException\n            elif message == 'That command could not be executed in the current context.':\n                exception_class = appium_exceptions.InvalidSwitchToTargetException\n    \n        if exception_class is sel_exceptions.UnexpectedAlertPresentException:\n            raise sel_exceptions.UnexpectedAlertPresentException(\n                msg=message,\n                stacktrace=format_stacktrace(stacktrace),\n                alert_text=value.get('data'),\n            )\n>       raise exception_class(msg=message, stacktrace=format_stacktrace(stacktrace))\nE       selenium.common.exceptions.NoSuchElementException: Message: An element could not be located on the page using the given search parameters.; For documentation on this error, please visit: https://www.selenium.dev/documentation/webdriver/troubleshooting/errors#no-such-element-exception\nE       Stacktrace:\nE       NoSuchElementError: An element could not be located on the page using the given search parameters.\nE           at AndroidUiautomator2Driver.findElOrEls (C:\\Users\\HP\\.appium\\node_modules\\appium-uiautomator2-driver\\node_modules\\appium-android-driver\\lib\\commands\\find.ts:86:11)\nE           at processTicksAndRejections (node:internal/process/task_queues:95:5)\nE           at AndroidUiautomator2Driver.findElOrElsWithProcessing (C:\\Users\\HP\\AppData\\Roaming\\npm\\node_modules\\appium\\node_modules\\@appium\\base-driver\\lib\\basedriver\\commands\\find.ts:60:12)\nE           at AndroidUiautomator2Driver.findElement (C:\\Users\\HP\\AppData\\Roaming\\npm\\node_modules\\appium\\node_modules\\@appium\\base-driver\\lib\\basedriver\\commands\\find.ts:75:12)\n\nC:\\Users\\HP\\AppData\\Local\\Programs\\Python\\Python311\\Lib\\site-packages\\appium\\webdriver\\errorhandler.py:125: NoSuchElementException"}, "attachments": [{"name": "log", "source": "015e1a67-b035-4418-9252-939ae31f4331-attachment.txt", "type": "text/plain"}, {"name": "stdout", "source": "c205df7d-e253-42d8-809a-06d08104bdef-attachment.txt", "type": "text/plain"}], "start": 1721327611841, "stop": 1721327647325, "uuid": "269a1cbe-e3f9-4081-ae5b-cc47ebd6e8a3", "historyId": "d60e08e81c515319275bdba3f6b2ec30", "testCaseId": "d60e08e81c515319275bdba3f6b2ec30", "fullName": "test_flipkart_product_search.Test_SearchProduct#test_searchProduct", "labels": [{"name": "tag", "value": "@pytest.mark.usefixtures('log_on_failure', 'appium_driver')"}, {"name": "suite", "value": "test_flipkart_product_search"}, {"name": "subSuite", "value": "Test_SearchProduct"}, {"name": "host", "value": "ATIVS"}, {"name": "thread", "value": "13100-MainThread"}, {"name": "framework", "value": "pytest"}, {"name": "language", "value": "cpython3"}, {"name": "package", "value": "test_flipkart_product_search"}]}